<?xml version="1.0" encoding="UTF-8"?>
<!-- Generated by org.testng.reporters.JUnitReportReporter -->
<testsuite hostname="RAKESH-ACER" failures="0" tests="1" name="Pages.BaseTest" time="6.249" errors="0" timestamp="2023-12-26T12:41:31 IST" skipped="0">
  <testcase classname="Pages.BaseTest" name="Setup" time="6.249"/>
  <system-out/>
</testsuite> <!-- Pages.BaseTest -->
